2025-11-10 20:16:29,417 ERROR ImhotepApp: Database connection failed.
Traceback (most recent call last):
  File "C:\Users\Zeus\AppData\Local\Programs\Python\Python311\Lib\site-packages\mysql\connector\connection_cext.py", line 354, in _open_connection
    self._cmysql.connect(**cnx_kwargs)
_mysql_connector.MySQLInterfaceError: Unknown database 'imhotep_portal'

The above exception was the direct cause of the following exception:

Traceback (most recent call last):
  File "c:\Users\Zeus\Desktop\Varsity_Project_2nd_Year\Imhotep\sourav_check.py", line 40, in create_connection
    conn = mysql.connector.connect(**DB_CONFIG)
           ^^^^^^^^^^^^^^^^^^^^^^^^^^^^^^^^^^^^
  File "C:\Users\Zeus\AppData\Local\Programs\Python\Python311\Lib\site-packages\mysql\connector\pooling.py", line 322, in connect
    return CMySQLConnection(*args, **kwargs)
           ^^^^^^^^^^^^^^^^^^^^^^^^^^^^^^^^^
  File "C:\Users\Zeus\AppData\Local\Programs\Python\Python311\Lib\site-packages\mysql\connector\connection_cext.py", line 142, in __init__
    self.connect(**kwargs)
  File "C:\Users\Zeus\AppData\Local\Programs\Python\Python311\Lib\site-packages\mysql\connector\abstracts.py", line 1604, in connect
    self._open_connection()
  File "C:\Users\Zeus\AppData\Local\Programs\Python\Python311\Lib\site-packages\mysql\connector\connection_cext.py", line 360, in _open_connection
    raise get_mysql_exception(
mysql.connector.errors.ProgrammingError: 1049 (42000): Unknown database 'imhotep_portal'
2025-11-10 20:16:29,434 ERROR ImhotepApp: Startup: DB connection failed.
2025-11-10 20:16:29,789 ERROR ImhotepApp: Error in fetch_one
Traceback (most recent call last):
  File "C:\Users\Zeus\AppData\Local\Programs\Python\Python311\Lib\site-packages\mysql\connector\connection_cext.py", line 354, in _open_connection
    self._cmysql.connect(**cnx_kwargs)
_mysql_connector.MySQLInterfaceError: Unknown database 'imhotep_portal'

The above exception was the direct cause of the following exception:

Traceback (most recent call last):
  File "c:\Users\Zeus\Desktop\Varsity_Project_2nd_Year\Imhotep\sourav_check.py", line 63, in fetch_one
    conn = mysql.connector.connect(**DB_CONFIG)
           ^^^^^^^^^^^^^^^^^^^^^^^^^^^^^^^^^^^^
  File "C:\Users\Zeus\AppData\Local\Programs\Python\Python311\Lib\site-packages\mysql\connector\pooling.py", line 322, in connect
    return CMySQLConnection(*args, **kwargs)
           ^^^^^^^^^^^^^^^^^^^^^^^^^^^^^^^^^
  File "C:\Users\Zeus\AppData\Local\Programs\Python\Python311\Lib\site-packages\mysql\connector\connection_cext.py", line 142, in __init__
    self.connect(**kwargs)
  File "C:\Users\Zeus\AppData\Local\Programs\Python\Python311\Lib\site-packages\mysql\connector\abstracts.py", line 1604, in connect
    self._open_connection()
  File "C:\Users\Zeus\AppData\Local\Programs\Python\Python311\Lib\site-packages\mysql\connector\connection_cext.py", line 360, in _open_connection
    raise get_mysql_exception(
mysql.connector.errors.ProgrammingError: 1049 (42000): Unknown database 'imhotep_portal'
2025-11-10 20:18:16,451 ERROR ImhotepApp: Database connection failed.
Traceback (most recent call last):
  File "C:\Users\Zeus\AppData\Local\Programs\Python\Python311\Lib\site-packages\mysql\connector\connection_cext.py", line 354, in _open_connection
    self._cmysql.connect(**cnx_kwargs)
_mysql_connector.MySQLInterfaceError: Unknown database 'imhotep_portal'

The above exception was the direct cause of the following exception:

Traceback (most recent call last):
  File "c:\Users\Zeus\Desktop\Varsity_Project_2nd_Year\Imhotep\sourav_check.py", line 40, in create_connection
    conn = mysql.connector.connect(**DB_CONFIG)
           ^^^^^^^^^^^^^^^^^^^^^^^^^^^^^^^^^^^^
  File "C:\Users\Zeus\AppData\Local\Programs\Python\Python311\Lib\site-packages\mysql\connector\pooling.py", line 322, in connect
    return CMySQLConnection(*args, **kwargs)
           ^^^^^^^^^^^^^^^^^^^^^^^^^^^^^^^^^
  File "C:\Users\Zeus\AppData\Local\Programs\Python\Python311\Lib\site-packages\mysql\connector\connection_cext.py", line 142, in __init__
    self.connect(**kwargs)
  File "C:\Users\Zeus\AppData\Local\Programs\Python\Python311\Lib\site-packages\mysql\connector\abstracts.py", line 1604, in connect
    self._open_connection()
  File "C:\Users\Zeus\AppData\Local\Programs\Python\Python311\Lib\site-packages\mysql\connector\connection_cext.py", line 360, in _open_connection
    raise get_mysql_exception(
mysql.connector.errors.ProgrammingError: 1049 (42000): Unknown database 'imhotep_portal'
2025-11-10 20:18:16,454 ERROR ImhotepApp: Startup: DB connection failed.
2025-11-10 20:18:16,843 ERROR ImhotepApp: Error in fetch_one
Traceback (most recent call last):
  File "C:\Users\Zeus\AppData\Local\Programs\Python\Python311\Lib\site-packages\mysql\connector\connection_cext.py", line 354, in _open_connection
    self._cmysql.connect(**cnx_kwargs)
_mysql_connector.MySQLInterfaceError: Unknown database 'imhotep_portal'

The above exception was the direct cause of the following exception:

Traceback (most recent call last):
  File "c:\Users\Zeus\Desktop\Varsity_Project_2nd_Year\Imhotep\sourav_check.py", line 63, in fetch_one
    conn = mysql.connector.connect(**DB_CONFIG)
           ^^^^^^^^^^^^^^^^^^^^^^^^^^^^^^^^^^^^
  File "C:\Users\Zeus\AppData\Local\Programs\Python\Python311\Lib\site-packages\mysql\connector\pooling.py", line 322, in connect
    return CMySQLConnection(*args, **kwargs)
           ^^^^^^^^^^^^^^^^^^^^^^^^^^^^^^^^^
  File "C:\Users\Zeus\AppData\Local\Programs\Python\Python311\Lib\site-packages\mysql\connector\connection_cext.py", line 142, in __init__
    self.connect(**kwargs)
  File "C:\Users\Zeus\AppData\Local\Programs\Python\Python311\Lib\site-packages\mysql\connector\abstracts.py", line 1604, in connect
    self._open_connection()
  File "C:\Users\Zeus\AppData\Local\Programs\Python\Python311\Lib\site-packages\mysql\connector\connection_cext.py", line 360, in _open_connection
    raise get_mysql_exception(
mysql.connector.errors.ProgrammingError: 1049 (42000): Unknown database 'imhotep_portal'
2025-11-10 20:21:57,732 ERROR ImhotepApp: Database connection failed.
Traceback (most recent call last):
  File "C:\Users\Zeus\AppData\Local\Programs\Python\Python311\Lib\site-packages\mysql\connector\connection_cext.py", line 354, in _open_connection
    self._cmysql.connect(**cnx_kwargs)
_mysql_connector.MySQLInterfaceError: Unknown database 'imhotep_portal'

The above exception was the direct cause of the following exception:

Traceback (most recent call last):
  File "c:\Users\Zeus\Desktop\Varsity_Project_2nd_Year\Imhotep\sourav_check.py", line 40, in create_connection
    conn = mysql.connector.connect(**DB_CONFIG)
           ^^^^^^^^^^^^^^^^^^^^^^^^^^^^^^^^^^^^
  File "C:\Users\Zeus\AppData\Local\Programs\Python\Python311\Lib\site-packages\mysql\connector\pooling.py", line 322, in connect
    return CMySQLConnection(*args, **kwargs)
           ^^^^^^^^^^^^^^^^^^^^^^^^^^^^^^^^^
  File "C:\Users\Zeus\AppData\Local\Programs\Python\Python311\Lib\site-packages\mysql\connector\connection_cext.py", line 142, in __init__
    self.connect(**kwargs)
  File "C:\Users\Zeus\AppData\Local\Programs\Python\Python311\Lib\site-packages\mysql\connector\abstracts.py", line 1604, in connect
    self._open_connection()
  File "C:\Users\Zeus\AppData\Local\Programs\Python\Python311\Lib\site-packages\mysql\connector\connection_cext.py", line 360, in _open_connection
    raise get_mysql_exception(
mysql.connector.errors.ProgrammingError: 1049 (42000): Unknown database 'imhotep_portal'
2025-11-10 20:21:57,735 ERROR ImhotepApp: Startup: DB connection failed.
2025-11-10 20:21:58,108 ERROR ImhotepApp: Error in fetch_one
Traceback (most recent call last):
  File "C:\Users\Zeus\AppData\Local\Programs\Python\Python311\Lib\site-packages\mysql\connector\connection_cext.py", line 354, in _open_connection
    self._cmysql.connect(**cnx_kwargs)
_mysql_connector.MySQLInterfaceError: Unknown database 'imhotep_portal'

The above exception was the direct cause of the following exception:

Traceback (most recent call last):
  File "c:\Users\Zeus\Desktop\Varsity_Project_2nd_Year\Imhotep\sourav_check.py", line 50, in fetch_one
    conn = mysql.connector.connect(**DB_CONFIG)
           ^^^^^^^^^^^^^^^^^^^^^^^^^^^^^^^^^^^^
  File "C:\Users\Zeus\AppData\Local\Programs\Python\Python311\Lib\site-packages\mysql\connector\pooling.py", line 322, in connect
    return CMySQLConnection(*args, **kwargs)
           ^^^^^^^^^^^^^^^^^^^^^^^^^^^^^^^^^
  File "C:\Users\Zeus\AppData\Local\Programs\Python\Python311\Lib\site-packages\mysql\connector\connection_cext.py", line 142, in __init__
    self.connect(**kwargs)
  File "C:\Users\Zeus\AppData\Local\Programs\Python\Python311\Lib\site-packages\mysql\connector\abstracts.py", line 1604, in connect
    self._open_connection()
  File "C:\Users\Zeus\AppData\Local\Programs\Python\Python311\Lib\site-packages\mysql\connector\connection_cext.py", line 360, in _open_connection
    raise get_mysql_exception(
mysql.connector.errors.ProgrammingError: 1049 (42000): Unknown database 'imhotep_portal'
2025-11-10 20:22:19,806 ERROR ImhotepApp: Database connection failed.
Traceback (most recent call last):
  File "C:\Users\Zeus\AppData\Local\Programs\Python\Python311\Lib\site-packages\mysql\connector\connection_cext.py", line 354, in _open_connection
    self._cmysql.connect(**cnx_kwargs)
_mysql_connector.MySQLInterfaceError: Unknown database 'imhotep_portal'

The above exception was the direct cause of the following exception:

Traceback (most recent call last):
  File "c:\Users\Zeus\Desktop\Varsity_Project_2nd_Year\Imhotep\sourav_check.py", line 40, in create_connection
    conn = mysql.connector.connect(**DB_CONFIG)
           ^^^^^^^^^^^^^^^^^^^^^^^^^^^^^^^^^^^^
  File "C:\Users\Zeus\AppData\Local\Programs\Python\Python311\Lib\site-packages\mysql\connector\pooling.py", line 322, in connect
    return CMySQLConnection(*args, **kwargs)
           ^^^^^^^^^^^^^^^^^^^^^^^^^^^^^^^^^
  File "C:\Users\Zeus\AppData\Local\Programs\Python\Python311\Lib\site-packages\mysql\connector\connection_cext.py", line 142, in __init__
    self.connect(**kwargs)
  File "C:\Users\Zeus\AppData\Local\Programs\Python\Python311\Lib\site-packages\mysql\connector\abstracts.py", line 1604, in connect
    self._open_connection()
  File "C:\Users\Zeus\AppData\Local\Programs\Python\Python311\Lib\site-packages\mysql\connector\connection_cext.py", line 360, in _open_connection
    raise get_mysql_exception(
mysql.connector.errors.ProgrammingError: 1049 (42000): Unknown database 'imhotep_portal'
2025-11-10 20:22:19,808 ERROR ImhotepApp: Startup: DB connection failed.
2025-11-10 20:22:34,828 ERROR ImhotepApp: Database connection failed.
Traceback (most recent call last):
  File "C:\Users\Zeus\AppData\Local\Programs\Python\Python311\Lib\site-packages\mysql\connector\connection_cext.py", line 354, in _open_connection
    self._cmysql.connect(**cnx_kwargs)
_mysql_connector.MySQLInterfaceError: Unknown database 'imhotep_portal'

The above exception was the direct cause of the following exception:

Traceback (most recent call last):
  File "c:\Users\Zeus\Desktop\Varsity_Project_2nd_Year\Imhotep\sourav_check.py", line 40, in create_connection
    conn = mysql.connector.connect(**DB_CONFIG)
           ^^^^^^^^^^^^^^^^^^^^^^^^^^^^^^^^^^^^
  File "C:\Users\Zeus\AppData\Local\Programs\Python\Python311\Lib\site-packages\mysql\connector\pooling.py", line 322, in connect
    return CMySQLConnection(*args, **kwargs)
           ^^^^^^^^^^^^^^^^^^^^^^^^^^^^^^^^^
  File "C:\Users\Zeus\AppData\Local\Programs\Python\Python311\Lib\site-packages\mysql\connector\connection_cext.py", line 142, in __init__
    self.connect(**kwargs)
  File "C:\Users\Zeus\AppData\Local\Programs\Python\Python311\Lib\site-packages\mysql\connector\abstracts.py", line 1604, in connect
    self._open_connection()
  File "C:\Users\Zeus\AppData\Local\Programs\Python\Python311\Lib\site-packages\mysql\connector\connection_cext.py", line 360, in _open_connection
    raise get_mysql_exception(
mysql.connector.errors.ProgrammingError: 1049 (42000): Unknown database 'imhotep_portal'
2025-11-10 20:22:34,831 ERROR ImhotepApp: Startup: DB connection failed.
2025-11-10 20:22:35,256 ERROR ImhotepApp: Error in fetch_one
Traceback (most recent call last):
  File "C:\Users\Zeus\AppData\Local\Programs\Python\Python311\Lib\site-packages\mysql\connector\connection_cext.py", line 354, in _open_connection
    self._cmysql.connect(**cnx_kwargs)
_mysql_connector.MySQLInterfaceError: Unknown database 'imhotep_portal'

The above exception was the direct cause of the following exception:

Traceback (most recent call last):
  File "c:\Users\Zeus\Desktop\Varsity_Project_2nd_Year\Imhotep\sourav_check.py", line 50, in fetch_one
    conn = mysql.connector.connect(**DB_CONFIG)
           ^^^^^^^^^^^^^^^^^^^^^^^^^^^^^^^^^^^^
  File "C:\Users\Zeus\AppData\Local\Programs\Python\Python311\Lib\site-packages\mysql\connector\pooling.py", line 322, in connect
    return CMySQLConnection(*args, **kwargs)
           ^^^^^^^^^^^^^^^^^^^^^^^^^^^^^^^^^
  File "C:\Users\Zeus\AppData\Local\Programs\Python\Python311\Lib\site-packages\mysql\connector\connection_cext.py", line 142, in __init__
    self.connect(**kwargs)
  File "C:\Users\Zeus\AppData\Local\Programs\Python\Python311\Lib\site-packages\mysql\connector\abstracts.py", line 1604, in connect
    self._open_connection()
  File "C:\Users\Zeus\AppData\Local\Programs\Python\Python311\Lib\site-packages\mysql\connector\connection_cext.py", line 360, in _open_connection
    raise get_mysql_exception(
mysql.connector.errors.ProgrammingError: 1049 (42000): Unknown database 'imhotep_portal'
2025-11-10 20:23:09,354 ERROR ImhotepApp: Database connection failed.
Traceback (most recent call last):
  File "C:\Users\Zeus\AppData\Local\Programs\Python\Python311\Lib\site-packages\mysql\connector\connection_cext.py", line 354, in _open_connection
    self._cmysql.connect(**cnx_kwargs)
_mysql_connector.MySQLInterfaceError: Unknown database 'imhotep_portal'

The above exception was the direct cause of the following exception:

Traceback (most recent call last):
  File "c:\Users\Zeus\Desktop\Varsity_Project_2nd_Year\Imhotep\sourav_check.py", line 40, in create_connection
    conn = mysql.connector.connect(**DB_CONFIG)
           ^^^^^^^^^^^^^^^^^^^^^^^^^^^^^^^^^^^^
  File "C:\Users\Zeus\AppData\Local\Programs\Python\Python311\Lib\site-packages\mysql\connector\pooling.py", line 322, in connect
    return CMySQLConnection(*args, **kwargs)
           ^^^^^^^^^^^^^^^^^^^^^^^^^^^^^^^^^
  File "C:\Users\Zeus\AppData\Local\Programs\Python\Python311\Lib\site-packages\mysql\connector\connection_cext.py", line 142, in __init__
    self.connect(**kwargs)
  File "C:\Users\Zeus\AppData\Local\Programs\Python\Python311\Lib\site-packages\mysql\connector\abstracts.py", line 1604, in connect
    self._open_connection()
  File "C:\Users\Zeus\AppData\Local\Programs\Python\Python311\Lib\site-packages\mysql\connector\connection_cext.py", line 360, in _open_connection
    raise get_mysql_exception(
mysql.connector.errors.ProgrammingError: 1049 (42000): Unknown database 'imhotep_portal'
2025-11-10 20:23:09,357 ERROR ImhotepApp: Startup: DB connection failed.
2025-11-10 20:23:09,724 ERROR ImhotepApp: Error in fetch_one
Traceback (most recent call last):
  File "C:\Users\Zeus\AppData\Local\Programs\Python\Python311\Lib\site-packages\mysql\connector\connection_cext.py", line 354, in _open_connection
    self._cmysql.connect(**cnx_kwargs)
_mysql_connector.MySQLInterfaceError: Unknown database 'imhotep_portal'

The above exception was the direct cause of the following exception:

Traceback (most recent call last):
  File "c:\Users\Zeus\Desktop\Varsity_Project_2nd_Year\Imhotep\sourav_check.py", line 50, in fetch_one
    conn = mysql.connector.connect(**DB_CONFIG)
           ^^^^^^^^^^^^^^^^^^^^^^^^^^^^^^^^^^^^
  File "C:\Users\Zeus\AppData\Local\Programs\Python\Python311\Lib\site-packages\mysql\connector\pooling.py", line 322, in connect
    return CMySQLConnection(*args, **kwargs)
           ^^^^^^^^^^^^^^^^^^^^^^^^^^^^^^^^^
  File "C:\Users\Zeus\AppData\Local\Programs\Python\Python311\Lib\site-packages\mysql\connector\connection_cext.py", line 142, in __init__
    self.connect(**kwargs)
  File "C:\Users\Zeus\AppData\Local\Programs\Python\Python311\Lib\site-packages\mysql\connector\abstracts.py", line 1604, in connect
    self._open_connection()
  File "C:\Users\Zeus\AppData\Local\Programs\Python\Python311\Lib\site-packages\mysql\connector\connection_cext.py", line 360, in _open_connection
    raise get_mysql_exception(
mysql.connector.errors.ProgrammingError: 1049 (42000): Unknown database 'imhotep_portal'
2025-11-10 20:23:38,156 ERROR ImhotepApp: Database connection failed.
Traceback (most recent call last):
  File "C:\Users\Zeus\AppData\Local\Programs\Python\Python311\Lib\site-packages\mysql\connector\connection_cext.py", line 354, in _open_connection
    self._cmysql.connect(**cnx_kwargs)
_mysql_connector.MySQLInterfaceError: Unknown database 'imhotep_portal'

The above exception was the direct cause of the following exception:

Traceback (most recent call last):
  File "c:\Users\Zeus\Desktop\Varsity_Project_2nd_Year\Imhotep\sourav_check.py", line 40, in create_connection
    conn = mysql.connector.connect(**DB_CONFIG)
           ^^^^^^^^^^^^^^^^^^^^^^^^^^^^^^^^^^^^
  File "C:\Users\Zeus\AppData\Local\Programs\Python\Python311\Lib\site-packages\mysql\connector\pooling.py", line 322, in connect
    return CMySQLConnection(*args, **kwargs)
           ^^^^^^^^^^^^^^^^^^^^^^^^^^^^^^^^^
  File "C:\Users\Zeus\AppData\Local\Programs\Python\Python311\Lib\site-packages\mysql\connector\connection_cext.py", line 142, in __init__
    self.connect(**kwargs)
  File "C:\Users\Zeus\AppData\Local\Programs\Python\Python311\Lib\site-packages\mysql\connector\abstracts.py", line 1604, in connect
    self._open_connection()
  File "C:\Users\Zeus\AppData\Local\Programs\Python\Python311\Lib\site-packages\mysql\connector\connection_cext.py", line 360, in _open_connection
    raise get_mysql_exception(
mysql.connector.errors.ProgrammingError: 1049 (42000): Unknown database 'imhotep_portal'
2025-11-10 20:23:38,159 ERROR ImhotepApp: Startup: DB connection failed.
2025-11-10 20:25:16,306 ERROR ImhotepApp: Database connection failed.
Traceback (most recent call last):
  File "C:\Users\Zeus\AppData\Local\Programs\Python\Python311\Lib\site-packages\mysql\connector\connection_cext.py", line 354, in _open_connection
    self._cmysql.connect(**cnx_kwargs)
_mysql_connector.MySQLInterfaceError: Unknown database 'imhotep_portal'

The above exception was the direct cause of the following exception:

Traceback (most recent call last):
  File "c:\Users\Zeus\Desktop\Varsity_Project_2nd_Year\Imhotep\sourav_check.py", line 39, in create_connection
    conn = mysql.connector.connect(**DB_CONFIG)
           ^^^^^^^^^^^^^^^^^^^^^^^^^^^^^^^^^^^^
  File "C:\Users\Zeus\AppData\Local\Programs\Python\Python311\Lib\site-packages\mysql\connector\pooling.py", line 322, in connect
    return CMySQLConnection(*args, **kwargs)
           ^^^^^^^^^^^^^^^^^^^^^^^^^^^^^^^^^
  File "C:\Users\Zeus\AppData\Local\Programs\Python\Python311\Lib\site-packages\mysql\connector\connection_cext.py", line 142, in __init__
    self.connect(**kwargs)
  File "C:\Users\Zeus\AppData\Local\Programs\Python\Python311\Lib\site-packages\mysql\connector\abstracts.py", line 1604, in connect
    self._open_connection()
  File "C:\Users\Zeus\AppData\Local\Programs\Python\Python311\Lib\site-packages\mysql\connector\connection_cext.py", line 360, in _open_connection
    raise get_mysql_exception(
mysql.connector.errors.ProgrammingError: 1049 (42000): Unknown database 'imhotep_portal'
2025-11-10 20:25:16,308 ERROR ImhotepApp: Startup: DB connection failed.
2025-11-10 20:25:16,681 ERROR ImhotepApp: Error in fetch_one
Traceback (most recent call last):
  File "C:\Users\Zeus\AppData\Local\Programs\Python\Python311\Lib\site-packages\mysql\connector\connection_cext.py", line 354, in _open_connection
    self._cmysql.connect(**cnx_kwargs)
_mysql_connector.MySQLInterfaceError: Unknown database 'imhotep_portal'

The above exception was the direct cause of the following exception:

Traceback (most recent call last):
  File "c:\Users\Zeus\Desktop\Varsity_Project_2nd_Year\Imhotep\sourav_check.py", line 49, in fetch_one
    conn = mysql.connector.connect(**DB_CONFIG)
           ^^^^^^^^^^^^^^^^^^^^^^^^^^^^^^^^^^^^
  File "C:\Users\Zeus\AppData\Local\Programs\Python\Python311\Lib\site-packages\mysql\connector\pooling.py", line 322, in connect
    return CMySQLConnection(*args, **kwargs)
           ^^^^^^^^^^^^^^^^^^^^^^^^^^^^^^^^^
  File "C:\Users\Zeus\AppData\Local\Programs\Python\Python311\Lib\site-packages\mysql\connector\connection_cext.py", line 142, in __init__
    self.connect(**kwargs)
  File "C:\Users\Zeus\AppData\Local\Programs\Python\Python311\Lib\site-packages\mysql\connector\abstracts.py", line 1604, in connect
    self._open_connection()
  File "C:\Users\Zeus\AppData\Local\Programs\Python\Python311\Lib\site-packages\mysql\connector\connection_cext.py", line 360, in _open_connection
    raise get_mysql_exception(
mysql.connector.errors.ProgrammingError: 1049 (42000): Unknown database 'imhotep_portal'
2025-11-10 20:28:19,232 ERROR ImhotepApp: Database connection failed.
Traceback (most recent call last):
  File "C:\Users\Zeus\AppData\Local\Programs\Python\Python311\Lib\site-packages\mysql\connector\connection_cext.py", line 354, in _open_connection
    self._cmysql.connect(**cnx_kwargs)
_mysql_connector.MySQLInterfaceError: Unknown database 'imhotep_portal'

The above exception was the direct cause of the following exception:

Traceback (most recent call last):
  File "c:\Users\Zeus\Desktop\Varsity_Project_2nd_Year\Imhotep\sourav_check.py", line 39, in create_connection
    conn = mysql.connector.connect(**DB_CONFIG)
           ^^^^^^^^^^^^^^^^^^^^^^^^^^^^^^^^^^^^
  File "C:\Users\Zeus\AppData\Local\Programs\Python\Python311\Lib\site-packages\mysql\connector\pooling.py", line 322, in connect
    return CMySQLConnection(*args, **kwargs)
           ^^^^^^^^^^^^^^^^^^^^^^^^^^^^^^^^^
  File "C:\Users\Zeus\AppData\Local\Programs\Python\Python311\Lib\site-packages\mysql\connector\connection_cext.py", line 142, in __init__
    self.connect(**kwargs)
  File "C:\Users\Zeus\AppData\Local\Programs\Python\Python311\Lib\site-packages\mysql\connector\abstracts.py", line 1604, in connect
    self._open_connection()
  File "C:\Users\Zeus\AppData\Local\Programs\Python\Python311\Lib\site-packages\mysql\connector\connection_cext.py", line 360, in _open_connection
    raise get_mysql_exception(
mysql.connector.errors.ProgrammingError: 1049 (42000): Unknown database 'imhotep_portal'
2025-11-10 20:28:19,235 ERROR ImhotepApp: Startup: DB connection failed.
2025-11-10 20:28:19,595 ERROR ImhotepApp: Error in fetch_one
Traceback (most recent call last):
  File "C:\Users\Zeus\AppData\Local\Programs\Python\Python311\Lib\site-packages\mysql\connector\connection_cext.py", line 354, in _open_connection
    self._cmysql.connect(**cnx_kwargs)
_mysql_connector.MySQLInterfaceError: Unknown database 'imhotep_portal'

The above exception was the direct cause of the following exception:

Traceback (most recent call last):
  File "c:\Users\Zeus\Desktop\Varsity_Project_2nd_Year\Imhotep\sourav_check.py", line 49, in fetch_one
    conn = mysql.connector.connect(**DB_CONFIG)
           ^^^^^^^^^^^^^^^^^^^^^^^^^^^^^^^^^^^^
  File "C:\Users\Zeus\AppData\Local\Programs\Python\Python311\Lib\site-packages\mysql\connector\pooling.py", line 322, in connect
    return CMySQLConnection(*args, **kwargs)
           ^^^^^^^^^^^^^^^^^^^^^^^^^^^^^^^^^
  File "C:\Users\Zeus\AppData\Local\Programs\Python\Python311\Lib\site-packages\mysql\connector\connection_cext.py", line 142, in __init__
    self.connect(**kwargs)
  File "C:\Users\Zeus\AppData\Local\Programs\Python\Python311\Lib\site-packages\mysql\connector\abstracts.py", line 1604, in connect
    self._open_connection()
  File "C:\Users\Zeus\AppData\Local\Programs\Python\Python311\Lib\site-packages\mysql\connector\connection_cext.py", line 360, in _open_connection
    raise get_mysql_exception(
mysql.connector.errors.ProgrammingError: 1049 (42000): Unknown database 'imhotep_portal'
2025-11-10 20:28:42,855 ERROR ImhotepApp: Database connection failed.
Traceback (most recent call last):
  File "C:\Users\Zeus\AppData\Local\Programs\Python\Python311\Lib\site-packages\mysql\connector\connection_cext.py", line 354, in _open_connection
    self._cmysql.connect(**cnx_kwargs)
_mysql_connector.MySQLInterfaceError: Unknown database 'imhotep_portal'

The above exception was the direct cause of the following exception:

Traceback (most recent call last):
  File "c:\Users\Zeus\Desktop\Varsity_Project_2nd_Year\Imhotep\sourav_check.py", line 39, in create_connection
    conn = mysql.connector.connect(**DB_CONFIG)
           ^^^^^^^^^^^^^^^^^^^^^^^^^^^^^^^^^^^^
  File "C:\Users\Zeus\AppData\Local\Programs\Python\Python311\Lib\site-packages\mysql\connector\pooling.py", line 322, in connect
    return CMySQLConnection(*args, **kwargs)
           ^^^^^^^^^^^^^^^^^^^^^^^^^^^^^^^^^
  File "C:\Users\Zeus\AppData\Local\Programs\Python\Python311\Lib\site-packages\mysql\connector\connection_cext.py", line 142, in __init__
    self.connect(**kwargs)
  File "C:\Users\Zeus\AppData\Local\Programs\Python\Python311\Lib\site-packages\mysql\connector\abstracts.py", line 1604, in connect
    self._open_connection()
  File "C:\Users\Zeus\AppData\Local\Programs\Python\Python311\Lib\site-packages\mysql\connector\connection_cext.py", line 360, in _open_connection
    raise get_mysql_exception(
mysql.connector.errors.ProgrammingError: 1049 (42000): Unknown database 'imhotep_portal'
2025-11-10 20:28:42,857 ERROR ImhotepApp: Startup: DB connection failed.
2025-11-10 20:28:43,220 ERROR ImhotepApp: Error in fetch_one
Traceback (most recent call last):
  File "C:\Users\Zeus\AppData\Local\Programs\Python\Python311\Lib\site-packages\mysql\connector\connection_cext.py", line 354, in _open_connection
    self._cmysql.connect(**cnx_kwargs)
_mysql_connector.MySQLInterfaceError: Unknown database 'imhotep_portal'

The above exception was the direct cause of the following exception:

Traceback (most recent call last):
  File "c:\Users\Zeus\Desktop\Varsity_Project_2nd_Year\Imhotep\sourav_check.py", line 49, in fetch_one
    conn = mysql.connector.connect(**DB_CONFIG)
           ^^^^^^^^^^^^^^^^^^^^^^^^^^^^^^^^^^^^
  File "C:\Users\Zeus\AppData\Local\Programs\Python\Python311\Lib\site-packages\mysql\connector\pooling.py", line 322, in connect
    return CMySQLConnection(*args, **kwargs)
           ^^^^^^^^^^^^^^^^^^^^^^^^^^^^^^^^^
  File "C:\Users\Zeus\AppData\Local\Programs\Python\Python311\Lib\site-packages\mysql\connector\connection_cext.py", line 142, in __init__
    self.connect(**kwargs)
  File "C:\Users\Zeus\AppData\Local\Programs\Python\Python311\Lib\site-packages\mysql\connector\abstracts.py", line 1604, in connect
    self._open_connection()
  File "C:\Users\Zeus\AppData\Local\Programs\Python\Python311\Lib\site-packages\mysql\connector\connection_cext.py", line 360, in _open_connection
    raise get_mysql_exception(
mysql.connector.errors.ProgrammingError: 1049 (42000): Unknown database 'imhotep_portal'
2025-11-10 20:36:02,460 ERROR ImhotepApp: Database connection failed.
Traceback (most recent call last):
  File "C:\Users\Zeus\AppData\Local\Programs\Python\Python311\Lib\site-packages\mysql\connector\connection_cext.py", line 354, in _open_connection
    self._cmysql.connect(**cnx_kwargs)
_mysql_connector.MySQLInterfaceError: Unknown database 'imhotep_portal'

The above exception was the direct cause of the following exception:

Traceback (most recent call last):
  File "c:\Users\Zeus\Desktop\Varsity_Project_2nd_Year\Imhotep\sourav_check.py", line 39, in create_connection
    conn = mysql.connector.connect(**DB_CONFIG)
           ^^^^^^^^^^^^^^^^^^^^^^^^^^^^^^^^^^^^
  File "C:\Users\Zeus\AppData\Local\Programs\Python\Python311\Lib\site-packages\mysql\connector\pooling.py", line 322, in connect
    return CMySQLConnection(*args, **kwargs)
           ^^^^^^^^^^^^^^^^^^^^^^^^^^^^^^^^^
  File "C:\Users\Zeus\AppData\Local\Programs\Python\Python311\Lib\site-packages\mysql\connector\connection_cext.py", line 142, in __init__
    self.connect(**kwargs)
  File "C:\Users\Zeus\AppData\Local\Programs\Python\Python311\Lib\site-packages\mysql\connector\abstracts.py", line 1604, in connect
    self._open_connection()
  File "C:\Users\Zeus\AppData\Local\Programs\Python\Python311\Lib\site-packages\mysql\connector\connection_cext.py", line 360, in _open_connection
    raise get_mysql_exception(
mysql.connector.errors.ProgrammingError: 1049 (42000): Unknown database 'imhotep_portal'
2025-11-10 20:36:02,462 ERROR ImhotepApp: Startup: DB connection failed.
2025-11-10 20:36:02,894 ERROR ImhotepApp: Error in fetch_one
Traceback (most recent call last):
  File "C:\Users\Zeus\AppData\Local\Programs\Python\Python311\Lib\site-packages\mysql\connector\connection_cext.py", line 354, in _open_connection
    self._cmysql.connect(**cnx_kwargs)
_mysql_connector.MySQLInterfaceError: Unknown database 'imhotep_portal'

The above exception was the direct cause of the following exception:

Traceback (most recent call last):
  File "c:\Users\Zeus\Desktop\Varsity_Project_2nd_Year\Imhotep\sourav_check.py", line 49, in fetch_one
    conn = mysql.connector.connect(**DB_CONFIG)
           ^^^^^^^^^^^^^^^^^^^^^^^^^^^^^^^^^^^^
  File "C:\Users\Zeus\AppData\Local\Programs\Python\Python311\Lib\site-packages\mysql\connector\pooling.py", line 322, in connect
    return CMySQLConnection(*args, **kwargs)
           ^^^^^^^^^^^^^^^^^^^^^^^^^^^^^^^^^
  File "C:\Users\Zeus\AppData\Local\Programs\Python\Python311\Lib\site-packages\mysql\connector\connection_cext.py", line 142, in __init__
    self.connect(**kwargs)
  File "C:\Users\Zeus\AppData\Local\Programs\Python\Python311\Lib\site-packages\mysql\connector\abstracts.py", line 1604, in connect
    self._open_connection()
  File "C:\Users\Zeus\AppData\Local\Programs\Python\Python311\Lib\site-packages\mysql\connector\connection_cext.py", line 360, in _open_connection
    raise get_mysql_exception(
mysql.connector.errors.ProgrammingError: 1049 (42000): Unknown database 'imhotep_portal'
2025-11-10 20:39:51,715 ERROR ImhotepApp: Error in fetch_one
Traceback (most recent call last):
  File "C:\Users\Zeus\AppData\Local\Programs\Python\Python311\Lib\site-packages\mysql\connector\connection_cext.py", line 354, in _open_connection
    self._cmysql.connect(**cnx_kwargs)
_mysql_connector.MySQLInterfaceError: Unknown database 'imhotep_portal'

The above exception was the direct cause of the following exception:

Traceback (most recent call last):
  File "c:\Users\Zeus\Desktop\Varsity_Project_2nd_Year\Imhotep\sourav_check.py", line 39, in fetch_one
    conn = mysql.connector.connect(**DB_CONFIG)
           ^^^^^^^^^^^^^^^^^^^^^^^^^^^^^^^^^^^^
  File "C:\Users\Zeus\AppData\Local\Programs\Python\Python311\Lib\site-packages\mysql\connector\pooling.py", line 322, in connect
    return CMySQLConnection(*args, **kwargs)
           ^^^^^^^^^^^^^^^^^^^^^^^^^^^^^^^^^
  File "C:\Users\Zeus\AppData\Local\Programs\Python\Python311\Lib\site-packages\mysql\connector\connection_cext.py", line 142, in __init__
    self.connect(**kwargs)
  File "C:\Users\Zeus\AppData\Local\Programs\Python\Python311\Lib\site-packages\mysql\connector\abstracts.py", line 1604, in connect
    self._open_connection()
  File "C:\Users\Zeus\AppData\Local\Programs\Python\Python311\Lib\site-packages\mysql\connector\connection_cext.py", line 360, in _open_connection
    raise get_mysql_exception(
mysql.connector.errors.ProgrammingError: 1049 (42000): Unknown database 'imhotep_portal'
2025-11-10 20:48:25,811 ERROR ImhotepApp: Error in fetch_one
Traceback (most recent call last):
  File "C:\Users\Zeus\AppData\Local\Programs\Python\Python311\Lib\site-packages\mysql\connector\connection_cext.py", line 354, in _open_connection
    self._cmysql.connect(**cnx_kwargs)
_mysql_connector.MySQLInterfaceError: Unknown database 'imhotep_portal'

The above exception was the direct cause of the following exception:

Traceback (most recent call last):
  File "c:\Users\Zeus\Desktop\Varsity_Project_2nd_Year\Imhotep\sourav_check.py", line 39, in fetch_one
    conn = mysql.connector.connect(**DB_CONFIG)
           ^^^^^^^^^^^^^^^^^^^^^^^^^^^^^^^^^^^^
  File "C:\Users\Zeus\AppData\Local\Programs\Python\Python311\Lib\site-packages\mysql\connector\pooling.py", line 322, in connect
    return CMySQLConnection(*args, **kwargs)
           ^^^^^^^^^^^^^^^^^^^^^^^^^^^^^^^^^
  File "C:\Users\Zeus\AppData\Local\Programs\Python\Python311\Lib\site-packages\mysql\connector\connection_cext.py", line 142, in __init__
    self.connect(**kwargs)
  File "C:\Users\Zeus\AppData\Local\Programs\Python\Python311\Lib\site-packages\mysql\connector\abstracts.py", line 1604, in connect
    self._open_connection()
  File "C:\Users\Zeus\AppData\Local\Programs\Python\Python311\Lib\site-packages\mysql\connector\connection_cext.py", line 360, in _open_connection
    raise get_mysql_exception(
mysql.connector.errors.ProgrammingError: 1049 (42000): Unknown database 'imhotep_portal'
2025-11-10 20:50:54,720 ERROR ImhotepApp: Error in fetch_one: name 'mysql' is not defined
Traceback (most recent call last):
  File "c:\Users\Zeus\Desktop\Varsity_Project_2nd_Year\Imhotep\sourav_check.py", line 38, in fetch_one
    conn = get_conn()
           ^^^^^^^^^^
  File "c:\Users\Zeus\Desktop\Varsity_Project_2nd_Year\Imhotep\sourav_check.py", line 17, in get_conn
    return mysql.connector.connect(
           ^^^^^
NameError: name 'mysql' is not defined
2025-11-10 20:51:32,210 ERROR ImhotepApp: Error in fetch_one: name 'mysql' is not defined
Traceback (most recent call last):
  File "c:\Users\Zeus\Desktop\Varsity_Project_2nd_Year\Imhotep\sourav_check.py", line 38, in fetch_one
    conn = get_conn()
           ^^^^^^^^^^
  File "c:\Users\Zeus\Desktop\Varsity_Project_2nd_Year\Imhotep\sourav_check.py", line 17, in get_conn
    return mysql.connector.connect(
           ^^^^^
NameError: name 'mysql' is not defined
2025-11-10 20:52:09,781 ERROR ImhotepApp: Error in fetch_one: name 'mysql' is not defined
Traceback (most recent call last):
  File "c:\Users\Zeus\Desktop\Varsity_Project_2nd_Year\Imhotep\sourav_check.py", line 38, in fetch_one
    conn = get_conn()
           ^^^^^^^^^^
  File "c:\Users\Zeus\Desktop\Varsity_Project_2nd_Year\Imhotep\sourav_check.py", line 17, in get_conn
    return mysql.connector.connect(
           ^^^^^
NameError: name 'mysql' is not defined
2025-11-10 20:53:56,579 ERROR ImhotepApp: Error in fetch_one: 1054 (42S22): Unknown column 'Patient_UID' in 'where clause'
Traceback (most recent call last):
  File "C:\Users\Zeus\AppData\Local\Programs\Python\Python311\Lib\site-packages\mysql\connector\connection_cext.py", line 772, in cmd_query
    self._cmysql.query(
_mysql_connector.MySQLInterfaceError: Unknown column 'Patient_UID' in 'where clause'

The above exception was the direct cause of the following exception:

Traceback (most recent call last):
  File "c:\Users\Zeus\Desktop\Varsity_Project_2nd_Year\Imhotep\sourav_check.py", line 42, in fetch_one
    cursor.execute(query, params or ())
  File "C:\Users\Zeus\AppData\Local\Programs\Python\Python311\Lib\site-packages\mysql\connector\cursor_cext.py", line 353, in execute
    self._connection.cmd_query(
  File "C:\Users\Zeus\AppData\Local\Programs\Python\Python311\Lib\site-packages\mysql\connector\opentelemetry\context_propagation.py", line 97, in wrapper
    return method(cnx, *args, **kwargs)
           ^^^^^^^^^^^^^^^^^^^^^^^^^^^^
  File "C:\Users\Zeus\AppData\Local\Programs\Python\Python311\Lib\site-packages\mysql\connector\connection_cext.py", line 781, in cmd_query
    raise get_mysql_exception(
mysql.connector.errors.ProgrammingError: 1054 (42S22): Unknown column 'Patient_UID' in 'where clause'
2025-11-10 20:54:34,789 ERROR ImhotepApp: Error in fetch_one: 1054 (42S22): Unknown column 'Patient_UID' in 'where clause'
Traceback (most recent call last):
  File "C:\Users\Zeus\AppData\Local\Programs\Python\Python311\Lib\site-packages\mysql\connector\connection_cext.py", line 772, in cmd_query
    self._cmysql.query(
_mysql_connector.MySQLInterfaceError: Unknown column 'Patient_UID' in 'where clause'

The above exception was the direct cause of the following exception:

Traceback (most recent call last):
  File "c:\Users\Zeus\Desktop\Varsity_Project_2nd_Year\Imhotep\sourav_check.py", line 42, in fetch_one
    cursor.execute(query, params or ())
  File "C:\Users\Zeus\AppData\Local\Programs\Python\Python311\Lib\site-packages\mysql\connector\cursor_cext.py", line 353, in execute
    self._connection.cmd_query(
  File "C:\Users\Zeus\AppData\Local\Programs\Python\Python311\Lib\site-packages\mysql\connector\opentelemetry\context_propagation.py", line 97, in wrapper
    return method(cnx, *args, **kwargs)
           ^^^^^^^^^^^^^^^^^^^^^^^^^^^^
  File "C:\Users\Zeus\AppData\Local\Programs\Python\Python311\Lib\site-packages\mysql\connector\connection_cext.py", line 781, in cmd_query
    raise get_mysql_exception(
mysql.connector.errors.ProgrammingError: 1054 (42S22): Unknown column 'Patient_UID' in 'where clause'
2025-11-10 20:56:26,590 ERROR ImhotepApp: Error in fetch_one: 1054 (42S22): Unknown column 'Patient_UID' in 'where clause'
Traceback (most recent call last):
  File "C:\Users\Zeus\AppData\Local\Programs\Python\Python311\Lib\site-packages\mysql\connector\connection_cext.py", line 772, in cmd_query
    self._cmysql.query(
_mysql_connector.MySQLInterfaceError: Unknown column 'Patient_UID' in 'where clause'

The above exception was the direct cause of the following exception:

Traceback (most recent call last):
  File "c:\Users\Zeus\Desktop\Varsity_Project_2nd_Year\Imhotep\sourav_check.py", line 42, in fetch_one
    cursor.execute(query, params or ())
  File "C:\Users\Zeus\AppData\Local\Programs\Python\Python311\Lib\site-packages\mysql\connector\cursor_cext.py", line 353, in execute
    self._connection.cmd_query(
  File "C:\Users\Zeus\AppData\Local\Programs\Python\Python311\Lib\site-packages\mysql\connector\opentelemetry\context_propagation.py", line 97, in wrapper
    return method(cnx, *args, **kwargs)
           ^^^^^^^^^^^^^^^^^^^^^^^^^^^^
  File "C:\Users\Zeus\AppData\Local\Programs\Python\Python311\Lib\site-packages\mysql\connector\connection_cext.py", line 781, in cmd_query
    raise get_mysql_exception(
mysql.connector.errors.ProgrammingError: 1054 (42S22): Unknown column 'Patient_UID' in 'where clause'
2025-11-10 20:56:33,199 ERROR ImhotepApp: Error in fetch_one: 1054 (42S22): Unknown column 'Patient_UID' in 'where clause'
Traceback (most recent call last):
  File "C:\Users\Zeus\AppData\Local\Programs\Python\Python311\Lib\site-packages\mysql\connector\connection_cext.py", line 772, in cmd_query
    self._cmysql.query(
_mysql_connector.MySQLInterfaceError: Unknown column 'Patient_UID' in 'where clause'

The above exception was the direct cause of the following exception:

Traceback (most recent call last):
  File "c:\Users\Zeus\Desktop\Varsity_Project_2nd_Year\Imhotep\sourav_check.py", line 42, in fetch_one
    cursor.execute(query, params or ())
  File "C:\Users\Zeus\AppData\Local\Programs\Python\Python311\Lib\site-packages\mysql\connector\cursor_cext.py", line 353, in execute
    self._connection.cmd_query(
  File "C:\Users\Zeus\AppData\Local\Programs\Python\Python311\Lib\site-packages\mysql\connector\opentelemetry\context_propagation.py", line 97, in wrapper
    return method(cnx, *args, **kwargs)
           ^^^^^^^^^^^^^^^^^^^^^^^^^^^^
  File "C:\Users\Zeus\AppData\Local\Programs\Python\Python311\Lib\site-packages\mysql\connector\connection_cext.py", line 781, in cmd_query
    raise get_mysql_exception(
mysql.connector.errors.ProgrammingError: 1054 (42S22): Unknown column 'Patient_UID' in 'where clause'
2025-11-10 20:57:58,640 ERROR ImhotepApp: Error in fetch_one: 1054 (42S22): Unknown column 'Patient_UID' in 'where clause'
Traceback (most recent call last):
  File "C:\Users\Zeus\AppData\Local\Programs\Python\Python311\Lib\site-packages\mysql\connector\connection_cext.py", line 772, in cmd_query
    self._cmysql.query(
_mysql_connector.MySQLInterfaceError: Unknown column 'Patient_UID' in 'where clause'

The above exception was the direct cause of the following exception:

Traceback (most recent call last):
  File "c:\Users\Zeus\Desktop\Varsity_Project_2nd_Year\Imhotep\sourav_check.py", line 42, in fetch_one
    cursor.execute(query, params or ())
  File "C:\Users\Zeus\AppData\Local\Programs\Python\Python311\Lib\site-packages\mysql\connector\cursor_cext.py", line 353, in execute
    self._connection.cmd_query(
  File "C:\Users\Zeus\AppData\Local\Programs\Python\Python311\Lib\site-packages\mysql\connector\opentelemetry\context_propagation.py", line 97, in wrapper
    return method(cnx, *args, **kwargs)
           ^^^^^^^^^^^^^^^^^^^^^^^^^^^^
  File "C:\Users\Zeus\AppData\Local\Programs\Python\Python311\Lib\site-packages\mysql\connector\connection_cext.py", line 781, in cmd_query
    raise get_mysql_exception(
mysql.connector.errors.ProgrammingError: 1054 (42S22): Unknown column 'Patient_UID' in 'where clause'
2025-11-10 20:58:50,212 ERROR ImhotepApp: Error in fetch_one: 1054 (42S22): Unknown column 'Patient_UID' in 'where clause'
Traceback (most recent call last):
  File "C:\Users\Zeus\AppData\Local\Programs\Python\Python311\Lib\site-packages\mysql\connector\connection_cext.py", line 772, in cmd_query
    self._cmysql.query(
_mysql_connector.MySQLInterfaceError: Unknown column 'Patient_UID' in 'where clause'

The above exception was the direct cause of the following exception:

Traceback (most recent call last):
  File "c:\Users\Zeus\Desktop\Varsity_Project_2nd_Year\Imhotep\sourav_check.py", line 42, in fetch_one
    cursor.execute(query, params or ())
  File "C:\Users\Zeus\AppData\Local\Programs\Python\Python311\Lib\site-packages\mysql\connector\cursor_cext.py", line 353, in execute
    self._connection.cmd_query(
  File "C:\Users\Zeus\AppData\Local\Programs\Python\Python311\Lib\site-packages\mysql\connector\opentelemetry\context_propagation.py", line 97, in wrapper
    return method(cnx, *args, **kwargs)
           ^^^^^^^^^^^^^^^^^^^^^^^^^^^^
  File "C:\Users\Zeus\AppData\Local\Programs\Python\Python311\Lib\site-packages\mysql\connector\connection_cext.py", line 781, in cmd_query
    raise get_mysql_exception(
mysql.connector.errors.ProgrammingError: 1054 (42S22): Unknown column 'Patient_UID' in 'where clause'
2025-11-10 21:01:41,328 ERROR ImhotepApp: Error in fetch_one: 1054 (42S22): Unknown column 'Patient_UID' in 'where clause'
Traceback (most recent call last):
  File "C:\Users\Zeus\AppData\Local\Programs\Python\Python311\Lib\site-packages\mysql\connector\connection_cext.py", line 772, in cmd_query
    self._cmysql.query(
_mysql_connector.MySQLInterfaceError: Unknown column 'Patient_UID' in 'where clause'

The above exception was the direct cause of the following exception:

Traceback (most recent call last):
  File "c:\Users\Zeus\Desktop\Varsity_Project_2nd_Year\Imhotep\sourav_check.py", line 42, in fetch_one
    cursor.execute(query, params or ())
  File "C:\Users\Zeus\AppData\Local\Programs\Python\Python311\Lib\site-packages\mysql\connector\cursor_cext.py", line 353, in execute
    self._connection.cmd_query(
  File "C:\Users\Zeus\AppData\Local\Programs\Python\Python311\Lib\site-packages\mysql\connector\opentelemetry\context_propagation.py", line 97, in wrapper
    return method(cnx, *args, **kwargs)
           ^^^^^^^^^^^^^^^^^^^^^^^^^^^^
  File "C:\Users\Zeus\AppData\Local\Programs\Python\Python311\Lib\site-packages\mysql\connector\connection_cext.py", line 781, in cmd_query
    raise get_mysql_exception(
mysql.connector.errors.ProgrammingError: 1054 (42S22): Unknown column 'Patient_UID' in 'where clause'
2025-11-10 21:13:41,841 INFO ImhotepApp: Initializing Patient_Portal table...
2025-11-10 21:13:41,842 INFO ImhotepApp: Initializing prescription table...
2025-11-10 21:13:41,842 INFO ImhotepApp: Database initialized successfully.
2025-11-10 21:14:03,204 INFO ImhotepApp: Initializing Patient_Portal table...
2025-11-10 21:14:03,205 INFO ImhotepApp: Initializing prescription table...
2025-11-10 21:14:03,205 INFO ImhotepApp: Database initialized successfully.
2025-11-10 21:25:09,952 INFO ImhotepApp: Initializing Patient_Portal table...
2025-11-10 21:25:09,953 INFO ImhotepApp: Initializing prescription table...
2025-11-10 21:25:09,953 INFO ImhotepApp: Database initialized successfully.
2025-11-10 21:25:25,992 INFO ImhotepApp: Initializing Patient_Portal table...
2025-11-10 21:25:25,993 INFO ImhotepApp: Initializing prescription table...
2025-11-10 21:25:25,993 INFO ImhotepApp: Database initialized successfully.
2025-11-10 21:54:06,659 INFO ImhotepApp: Initializing Patient_Portal table...
2025-11-10 21:54:06,659 INFO ImhotepApp: Initializing prescription table...
2025-11-10 21:54:06,660 INFO ImhotepApp: Database initialized successfully.
2025-11-10 21:54:26,640 INFO ImhotepApp: Initializing Patient_Portal table...
2025-11-10 21:54:26,640 INFO ImhotepApp: Initializing prescription table...
2025-11-10 21:54:26,641 INFO ImhotepApp: Database initialized successfully.
2025-11-10 21:54:33,923 INFO ImhotepApp: Initializing Patient_Portal table...
2025-11-10 21:54:33,923 INFO ImhotepApp: Initializing prescription table...
2025-11-10 21:54:33,923 INFO ImhotepApp: Database initialized successfully.
2025-11-10 21:54:47,207 INFO ImhotepApp: Initializing Patient_Portal table...
2025-11-10 21:54:47,207 INFO ImhotepApp: Initializing prescription table...
2025-11-10 21:54:47,208 INFO ImhotepApp: Database initialized successfully.
2025-11-10 21:54:53,601 INFO ImhotepApp: Initializing Patient_Portal table...
2025-11-10 21:54:53,601 INFO ImhotepApp: Initializing prescription table...
2025-11-10 21:54:53,602 INFO ImhotepApp: Database initialized successfully.
2025-11-10 21:55:05,966 INFO ImhotepApp: Initializing Patient_Portal table...
2025-11-10 21:55:05,966 INFO ImhotepApp: Initializing prescription table...
2025-11-10 21:55:05,967 INFO ImhotepApp: Database initialized successfully.
2025-11-10 21:57:30,236 INFO ImhotepApp: Initializing Patient_Portal table...
2025-11-10 21:57:30,236 INFO ImhotepApp: Initializing prescription table...
2025-11-10 21:57:30,237 INFO ImhotepApp: Database initialized successfully.
2025-11-10 21:58:42,606 INFO ImhotepApp: Initializing Patient_Portal table...
2025-11-10 21:58:42,606 INFO ImhotepApp: Initializing prescription table...
2025-11-10 21:58:42,606 INFO ImhotepApp: Database initialized successfully.
2025-11-10 21:58:54,103 INFO ImhotepApp: Initializing Patient_Portal table...
2025-11-10 21:58:54,103 INFO ImhotepApp: Initializing prescription table...
2025-11-10 21:58:54,103 INFO ImhotepApp: Database initialized successfully.
2025-11-10 21:59:46,857 INFO ImhotepApp: Initializing Patient_Portal table...
2025-11-10 21:59:46,858 INFO ImhotepApp: Initializing prescription table...
2025-11-10 21:59:46,858 INFO ImhotepApp: Database initialized successfully.
2025-11-10 22:00:25,945 INFO ImhotepApp: Initializing Patient_Portal table...
2025-11-10 22:00:25,945 INFO ImhotepApp: Initializing prescription table...
2025-11-10 22:00:25,946 INFO ImhotepApp: Database initialized successfully.
2025-11-10 22:01:10,764 INFO ImhotepApp: Initializing Patient_Portal table...
2025-11-10 22:01:10,765 INFO ImhotepApp: Initializing prescription table...
2025-11-10 22:01:10,765 INFO ImhotepApp: Database initialized successfully.
2025-11-10 22:01:17,382 INFO ImhotepApp: Initializing Patient_Portal table...
2025-11-10 22:01:17,383 INFO ImhotepApp: Initializing prescription table...
2025-11-10 22:01:17,383 INFO ImhotepApp: Database initialized successfully.
2025-11-10 22:07:14,849 INFO ImhotepApp: Initializing Patient_Portal table...
2025-11-10 22:07:14,849 INFO ImhotepApp: Initializing prescription table...
2025-11-10 22:07:14,850 INFO ImhotepApp: Database initialized successfully.
2025-11-10 22:08:39,994 INFO ImhotepApp: Initializing Patient_Portal table...
2025-11-10 22:08:39,994 INFO ImhotepApp: Initializing prescription table...
2025-11-10 22:08:39,994 INFO ImhotepApp: Database initialized successfully.
2025-11-10 22:12:19,992 INFO ImhotepApp: Initializing Patient_Portal table...
2025-11-10 22:12:19,992 INFO ImhotepApp: Initializing prescription table...
2025-11-10 22:12:19,992 INFO ImhotepApp: Database initialized successfully.
2025-11-10 22:13:28,073 INFO ImhotepApp: Initializing Patient_Portal table...
2025-11-10 22:13:28,073 INFO ImhotepApp: Initializing prescription table...
2025-11-10 22:13:28,073 INFO ImhotepApp: Database initialized successfully.
2025-11-10 22:16:14,629 INFO ImhotepApp: Initializing Patient_Portal table...
2025-11-10 22:16:14,630 INFO ImhotepApp: Initializing prescription table...
2025-11-10 22:16:14,630 INFO ImhotepApp: Database initialized successfully.
2025-11-10 22:23:23,609 INFO ImhotepApp: Initializing Patient_Portal table...
2025-11-10 22:23:23,609 INFO ImhotepApp: Initializing prescription table...
2025-11-10 22:23:23,609 INFO ImhotepApp: Database initialized successfully.
2025-11-10 22:23:23,640 ERROR ImhotepApp: fetch_all error: (1054, "Unknown column 'Medication_Name' in 'field list'")
Traceback (most recent call last):
  File "c:\Users\Zeus\Desktop\Varsity_Project_2nd_Year\Imhotep\sourav_check.py", line 244, in fetch_all
    cur.execute(query, params or ())
  File "C:\Users\Zeus\AppData\Local\Programs\Python\Python311\Lib\site-packages\pymysql\cursors.py", line 153, in execute
    result = self._query(query)
             ^^^^^^^^^^^^^^^^^^
  File "C:\Users\Zeus\AppData\Local\Programs\Python\Python311\Lib\site-packages\pymysql\cursors.py", line 322, in _query
    conn.query(q)
  File "C:\Users\Zeus\AppData\Local\Programs\Python\Python311\Lib\site-packages\pymysql\connections.py", line 575, in query
    self._affected_rows = self._read_query_result(unbuffered=unbuffered)
                          ^^^^^^^^^^^^^^^^^^^^^^^^^^^^^^^^^^^^^^^^^^^^^^
  File "C:\Users\Zeus\AppData\Local\Programs\Python\Python311\Lib\site-packages\pymysql\connections.py", line 826, in _read_query_result
    result.read()
  File "C:\Users\Zeus\AppData\Local\Programs\Python\Python311\Lib\site-packages\pymysql\connections.py", line 1203, in read
    first_packet = self.connection._read_packet()
                   ^^^^^^^^^^^^^^^^^^^^^^^^^^^^^^
  File "C:\Users\Zeus\AppData\Local\Programs\Python\Python311\Lib\site-packages\pymysql\connections.py", line 782, in _read_packet
    packet.raise_for_error()
  File "C:\Users\Zeus\AppData\Local\Programs\Python\Python311\Lib\site-packages\pymysql\protocol.py", line 219, in raise_for_error
    err.raise_mysql_exception(self._data)
  File "C:\Users\Zeus\AppData\Local\Programs\Python\Python311\Lib\site-packages\pymysql\err.py", line 150, in raise_mysql_exception
    raise errorclass(errno, errval)
pymysql.err.OperationalError: (1054, "Unknown column 'Medication_Name' in 'field list'")
2025-11-10 22:24:10,172 INFO ImhotepApp: Initializing Patient_Portal table...
2025-11-10 22:24:10,173 INFO ImhotepApp: Initializing prescription table...
2025-11-10 22:24:10,173 INFO ImhotepApp: Database initialized successfully.
2025-11-10 22:24:10,221 ERROR ImhotepApp: fetch_all error: (1054, "Unknown column 'Medication_Name' in 'field list'")
Traceback (most recent call last):
  File "c:\Users\Zeus\Desktop\Varsity_Project_2nd_Year\Imhotep\sourav_check.py", line 244, in fetch_all
    cur.execute(query, params or ())
  File "C:\Users\Zeus\AppData\Local\Programs\Python\Python311\Lib\site-packages\pymysql\cursors.py", line 153, in execute
    result = self._query(query)
             ^^^^^^^^^^^^^^^^^^
  File "C:\Users\Zeus\AppData\Local\Programs\Python\Python311\Lib\site-packages\pymysql\cursors.py", line 322, in _query
    conn.query(q)
  File "C:\Users\Zeus\AppData\Local\Programs\Python\Python311\Lib\site-packages\pymysql\connections.py", line 575, in query
    self._affected_rows = self._read_query_result(unbuffered=unbuffered)
                          ^^^^^^^^^^^^^^^^^^^^^^^^^^^^^^^^^^^^^^^^^^^^^^
  File "C:\Users\Zeus\AppData\Local\Programs\Python\Python311\Lib\site-packages\pymysql\connections.py", line 826, in _read_query_result
    result.read()
  File "C:\Users\Zeus\AppData\Local\Programs\Python\Python311\Lib\site-packages\pymysql\connections.py", line 1203, in read
    first_packet = self.connection._read_packet()
                   ^^^^^^^^^^^^^^^^^^^^^^^^^^^^^^
  File "C:\Users\Zeus\AppData\Local\Programs\Python\Python311\Lib\site-packages\pymysql\connections.py", line 782, in _read_packet
    packet.raise_for_error()
  File "C:\Users\Zeus\AppData\Local\Programs\Python\Python311\Lib\site-packages\pymysql\protocol.py", line 219, in raise_for_error
    err.raise_mysql_exception(self._data)
  File "C:\Users\Zeus\AppData\Local\Programs\Python\Python311\Lib\site-packages\pymysql\err.py", line 150, in raise_mysql_exception
    raise errorclass(errno, errval)
pymysql.err.OperationalError: (1054, "Unknown column 'Medication_Name' in 'field list'")
2025-11-10 22:24:54,809 INFO ImhotepApp: Initializing Patient_Portal table...
2025-11-10 22:24:54,810 INFO ImhotepApp: Initializing prescription table...
2025-11-10 22:24:54,810 INFO ImhotepApp: Database initialized successfully.
2025-11-10 22:24:54,856 ERROR ImhotepApp: fetch_all error: (1054, "Unknown column 'Medication_Name' in 'field list'")
Traceback (most recent call last):
  File "c:\Users\Zeus\Desktop\Varsity_Project_2nd_Year\Imhotep\sourav_check.py", line 244, in fetch_all
    cur.execute(query, params or ())
  File "C:\Users\Zeus\AppData\Local\Programs\Python\Python311\Lib\site-packages\pymysql\cursors.py", line 153, in execute
    result = self._query(query)
             ^^^^^^^^^^^^^^^^^^
  File "C:\Users\Zeus\AppData\Local\Programs\Python\Python311\Lib\site-packages\pymysql\cursors.py", line 322, in _query
    conn.query(q)
  File "C:\Users\Zeus\AppData\Local\Programs\Python\Python311\Lib\site-packages\pymysql\connections.py", line 575, in query
    self._affected_rows = self._read_query_result(unbuffered=unbuffered)
                          ^^^^^^^^^^^^^^^^^^^^^^^^^^^^^^^^^^^^^^^^^^^^^^
  File "C:\Users\Zeus\AppData\Local\Programs\Python\Python311\Lib\site-packages\pymysql\connections.py", line 826, in _read_query_result
    result.read()
  File "C:\Users\Zeus\AppData\Local\Programs\Python\Python311\Lib\site-packages\pymysql\connections.py", line 1203, in read
    first_packet = self.connection._read_packet()
                   ^^^^^^^^^^^^^^^^^^^^^^^^^^^^^^
  File "C:\Users\Zeus\AppData\Local\Programs\Python\Python311\Lib\site-packages\pymysql\connections.py", line 782, in _read_packet
    packet.raise_for_error()
  File "C:\Users\Zeus\AppData\Local\Programs\Python\Python311\Lib\site-packages\pymysql\protocol.py", line 219, in raise_for_error
    err.raise_mysql_exception(self._data)
  File "C:\Users\Zeus\AppData\Local\Programs\Python\Python311\Lib\site-packages\pymysql\err.py", line 150, in raise_mysql_exception
    raise errorclass(errno, errval)
pymysql.err.OperationalError: (1054, "Unknown column 'Medication_Name' in 'field list'")
